
/home/runner/work/exp-adsorption-iitkgp/exp-adsorption-iitkgp/experiment/simulation/script.js
   12:10  warning  'uflow' is defined but never used          no-unused-vars
   16:2   warning  Mixed spaces and tabs                      no-mixed-spaces-and-tabs
   17:1   warning  Mixed spaces and tabs                      no-mixed-spaces-and-tabs
   18:1   warning  Mixed spaces and tabs                      no-mixed-spaces-and-tabs
   19:1   warning  Mixed spaces and tabs                      no-mixed-spaces-and-tabs
   20:1   warning  Mixed spaces and tabs                      no-mixed-spaces-and-tabs
   21:2   warning  Mixed spaces and tabs                      no-mixed-spaces-and-tabs
   22:1   warning  Mixed spaces and tabs                      no-mixed-spaces-and-tabs
   23:1   warning  Mixed spaces and tabs                      no-mixed-spaces-and-tabs
   24:1   warning  Mixed spaces and tabs                      no-mixed-spaces-and-tabs
   25:1   warning  Mixed spaces and tabs                      no-mixed-spaces-and-tabs
   26:2   warning  Mixed spaces and tabs                      no-mixed-spaces-and-tabs
   27:1   warning  Mixed spaces and tabs                      no-mixed-spaces-and-tabs
   28:1   warning  Mixed spaces and tabs                      no-mixed-spaces-and-tabs
   29:1   warning  Mixed spaces and tabs                      no-mixed-spaces-and-tabs
   30:2   warning  Mixed spaces and tabs                      no-mixed-spaces-and-tabs
   31:1   warning  Mixed spaces and tabs                      no-mixed-spaces-and-tabs
   32:1   warning  Mixed spaces and tabs                      no-mixed-spaces-and-tabs
   33:1   warning  Mixed spaces and tabs                      no-mixed-spaces-and-tabs
   34:2   warning  Mixed spaces and tabs                      no-mixed-spaces-and-tabs
   35:1   warning  Mixed spaces and tabs                      no-mixed-spaces-and-tabs
   36:1   warning  Mixed spaces and tabs                      no-mixed-spaces-and-tabs
   40:1   warning  Mixed spaces and tabs                      no-mixed-spaces-and-tabs
   41:1   warning  Mixed spaces and tabs                      no-mixed-spaces-and-tabs
   42:1   warning  Mixed spaces and tabs                      no-mixed-spaces-and-tabs
   43:1   warning  Mixed spaces and tabs                      no-mixed-spaces-and-tabs
   44:1   warning  Mixed spaces and tabs                      no-mixed-spaces-and-tabs
   45:1   warning  Mixed spaces and tabs                      no-mixed-spaces-and-tabs
   46:1   warning  Mixed spaces and tabs                      no-mixed-spaces-and-tabs
   47:1   warning  Mixed spaces and tabs                      no-mixed-spaces-and-tabs
   48:1   warning  Mixed spaces and tabs                      no-mixed-spaces-and-tabs
   49:1   warning  Mixed spaces and tabs                      no-mixed-spaces-and-tabs
   52:1   warning  Mixed spaces and tabs                      no-mixed-spaces-and-tabs
   63:1   warning  Mixed spaces and tabs                      no-mixed-spaces-and-tabs
   64:1   warning  Mixed spaces and tabs                      no-mixed-spaces-and-tabs
   65:1   warning  Mixed spaces and tabs                      no-mixed-spaces-and-tabs
   66:1   warning  Mixed spaces and tabs                      no-mixed-spaces-and-tabs
   67:1   warning  Mixed spaces and tabs                      no-mixed-spaces-and-tabs
   68:1   warning  Mixed spaces and tabs                      no-mixed-spaces-and-tabs
   69:1   warning  Mixed spaces and tabs                      no-mixed-spaces-and-tabs
   70:1   warning  Mixed spaces and tabs                      no-mixed-spaces-and-tabs
   71:1   warning  Mixed spaces and tabs                      no-mixed-spaces-and-tabs
   72:1   warning  Mixed spaces and tabs                      no-mixed-spaces-and-tabs
   73:2   warning  Mixed spaces and tabs                      no-mixed-spaces-and-tabs
   74:1   warning  Mixed spaces and tabs                      no-mixed-spaces-and-tabs
   75:1   warning  Mixed spaces and tabs                      no-mixed-spaces-and-tabs
   76:1   warning  Mixed spaces and tabs                      no-mixed-spaces-and-tabs
   77:1   warning  Mixed spaces and tabs                      no-mixed-spaces-and-tabs
   78:1   warning  Mixed spaces and tabs                      no-mixed-spaces-and-tabs
   79:1   warning  Mixed spaces and tabs                      no-mixed-spaces-and-tabs
   80:1   warning  Mixed spaces and tabs                      no-mixed-spaces-and-tabs
   81:2   warning  Mixed spaces and tabs                      no-mixed-spaces-and-tabs
   82:1   warning  Mixed spaces and tabs                      no-mixed-spaces-and-tabs
   83:1   warning  Mixed spaces and tabs                      no-mixed-spaces-and-tabs
   84:1   warning  Mixed spaces and tabs                      no-mixed-spaces-and-tabs
   85:2   warning  Mixed spaces and tabs                      no-mixed-spaces-and-tabs
   86:1   warning  Mixed spaces and tabs                      no-mixed-spaces-and-tabs
   87:1   warning  Mixed spaces and tabs                      no-mixed-spaces-and-tabs
   88:1   warning  Mixed spaces and tabs                      no-mixed-spaces-and-tabs
   89:1   warning  Mixed spaces and tabs                      no-mixed-spaces-and-tabs
   90:2   warning  Mixed spaces and tabs                      no-mixed-spaces-and-tabs
   91:1   warning  Mixed spaces and tabs                      no-mixed-spaces-and-tabs
   92:1   warning  Mixed spaces and tabs                      no-mixed-spaces-and-tabs
   94:1   warning  Mixed spaces and tabs                      no-mixed-spaces-and-tabs
   95:1   warning  Mixed spaces and tabs                      no-mixed-spaces-and-tabs
   96:2   warning  Mixed spaces and tabs                      no-mixed-spaces-and-tabs
   97:1   warning  Mixed spaces and tabs                      no-mixed-spaces-and-tabs
   98:1   warning  Mixed spaces and tabs                      no-mixed-spaces-and-tabs
   99:1   warning  Mixed spaces and tabs                      no-mixed-spaces-and-tabs
  100:2   warning  Mixed spaces and tabs                      no-mixed-spaces-and-tabs
  101:1   warning  Mixed spaces and tabs                      no-mixed-spaces-and-tabs
  102:1   warning  Mixed spaces and tabs                      no-mixed-spaces-and-tabs
  103:1   warning  Mixed spaces and tabs                      no-mixed-spaces-and-tabs
  104:1   warning  Mixed spaces and tabs                      no-mixed-spaces-and-tabs
  105:1   warning  Mixed spaces and tabs                      no-mixed-spaces-and-tabs
  106:1   warning  Mixed spaces and tabs                      no-mixed-spaces-and-tabs
  109:10  warning  'tankflow' is defined but never used       no-unused-vars
  111:2   warning  Mixed spaces and tabs                      no-mixed-spaces-and-tabs
  112:1   warning  Mixed spaces and tabs                      no-mixed-spaces-and-tabs
  113:2   warning  Mixed spaces and tabs                      no-mixed-spaces-and-tabs
  114:1   warning  Mixed spaces and tabs                      no-mixed-spaces-and-tabs
  115:1   warning  Mixed spaces and tabs                      no-mixed-spaces-and-tabs
  116:2   warning  Mixed spaces and tabs                      no-mixed-spaces-and-tabs
  117:1   warning  Mixed spaces and tabs                      no-mixed-spaces-and-tabs
  118:1   warning  Mixed spaces and tabs                      no-mixed-spaces-and-tabs
  119:1   warning  Mixed spaces and tabs                      no-mixed-spaces-and-tabs
  123:1   warning  Mixed spaces and tabs                      no-mixed-spaces-and-tabs
  124:1   warning  Mixed spaces and tabs                      no-mixed-spaces-and-tabs
  125:1   warning  Mixed spaces and tabs                      no-mixed-spaces-and-tabs
  126:1   warning  Mixed spaces and tabs                      no-mixed-spaces-and-tabs
  127:1   warning  Mixed spaces and tabs                      no-mixed-spaces-and-tabs
  128:1   warning  Mixed spaces and tabs                      no-mixed-spaces-and-tabs
  129:1   warning  Mixed spaces and tabs                      no-mixed-spaces-and-tabs
  130:1   warning  Mixed spaces and tabs                      no-mixed-spaces-and-tabs
  131:1   warning  Mixed spaces and tabs                      no-mixed-spaces-and-tabs
  132:1   warning  Mixed spaces and tabs                      no-mixed-spaces-and-tabs
  133:1   warning  Mixed spaces and tabs                      no-mixed-spaces-and-tabs
  134:1   warning  Mixed spaces and tabs                      no-mixed-spaces-and-tabs
  153:10  warning  'moveDown' is defined but never used       no-unused-vars
  186:2   warning  Mixed spaces and tabs                      no-mixed-spaces-and-tabs
  187:1   warning  Mixed spaces and tabs                      no-mixed-spaces-and-tabs
  190:10  warning  'previousSlide' is defined but never used  no-unused-vars
  198:10  warning  'stopSlide' is defined but never used      no-unused-vars

✖ 103 problems (0 errors, 103 warnings)

